SF:lib\domain\usecases\get_movie_detail.dart
DA:9,1
DA:11,1
DA:12,2
LF:3
LH:3
end_of_record
SF:lib\domain\usecases\get_movie_recommendations.dart
DA:9,1
DA:11,1
DA:12,2
LF:3
LH:3
end_of_record
SF:lib\domain\usecases\get_movie_watchlist_status.dart
DA:6,1
DA:8,1
DA:9,2
LF:3
LH:3
end_of_record
SF:lib\domain\usecases\remove_movie_watchlist.dart
DA:9,1
DA:11,1
DA:12,2
LF:3
LH:3
end_of_record
SF:lib\domain\usecases\save_movie_watchlist.dart
DA:9,1
DA:11,1
DA:12,2
LF:3
LH:3
end_of_record
SF:lib\presentation\blocs\movie_detail\movie_detail_event.dart
DA:4,3
DA:6,0
DA:7,0
DA:13,2
DA:15,0
DA:16,0
DA:22,2
DA:24,0
DA:25,0
DA:31,1
DA:33,0
DA:34,0
DA:40,1
DA:42,0
DA:43,0
LF:15
LH:5
end_of_record
SF:lib\presentation\blocs\movie_detail\movie_detail_state.dart
DA:4,2
DA:6,1
DA:7,1
DA:17,1
DA:19,1
DA:20,2
DA:29,2
DA:36,2
DA:42,2
DA:43,2
DA:44,2
DA:45,1
DA:46,1
DA:50,2
DA:51,2
DA:52,2
DA:53,2
DA:54,2
DA:55,2
LF:19
LH:19
end_of_record
SF:lib\presentation\blocs\movie_detail\movie_detail_bloc.dart
DA:24,1
DA:30,2
DA:31,2
DA:32,2
DA:33,2
DA:34,2
DA:37,1
DA:41,2
DA:42,3
DA:43,2
DA:44,1
DA:46,3
DA:48,1
DA:49,1
DA:50,3
DA:52,1
DA:53,1
DA:54,0
DA:55,1
DA:56,1
DA:57,1
DA:69,1
DA:73,3
DA:76,1
DA:77,2
DA:78,1
DA:81,4
DA:83,2
DA:84,1
DA:85,1
DA:86,1
DA:94,1
DA:98,3
DA:101,1
DA:102,2
DA:103,1
DA:106,4
DA:107,2
DA:108,1
DA:109,1
DA:110,1
DA:118,1
DA:122,3
DA:123,2
DA:124,1
DA:125,2
LF:46
LH:45
end_of_record
SF:lib\presentation\blocs\popular_movies\popular_movies_state.dart
DA:4,3
DA:6,1
DA:7,1
DA:17,3
DA:19,1
DA:20,2
DA:26,2
DA:28,1
DA:29,2
LF:9
LH:9
end_of_record
SF:lib\presentation\blocs\popular_movies\popular_movies_bloc.dart
DA:12,1
DA:13,2
DA:14,2
DA:15,2
DA:17,2
DA:18,1
DA:19,4
DA:20,3
LF:8
LH:8
end_of_record
SF:lib\presentation\blocs\popular_movies\popular_movies_event.dart
DA:4,2
DA:6,0
DA:7,0
DA:11,2
DA:13,0
DA:14,0
LF:6
LH:2
end_of_record
SF:lib\presentation\blocs\top_rated_movies\top_rated_movies_bloc.dart
DA:13,1
DA:14,2
DA:15,2
DA:16,2
DA:18,2
DA:19,1
DA:20,4
DA:21,3
LF:8
LH:8
end_of_record
SF:lib\presentation\blocs\top_rated_movies\top_rated_movies_event.dart
DA:4,2
DA:6,0
DA:7,0
DA:11,2
DA:13,0
DA:14,0
LF:6
LH:2
end_of_record
SF:lib\presentation\blocs\top_rated_movies\top_rated_movies_state.dart
DA:4,3
DA:6,1
DA:7,1
DA:17,3
DA:19,1
DA:20,2
DA:26,2
DA:28,1
DA:29,2
LF:9
LH:9
end_of_record
SF:lib\presentation\pages\movie_detail_page.dart
DA:13,1
DA:15,1
DA:16,1
DA:20,1
DA:22,1
DA:23,2
DA:24,6
DA:28,1
DA:30,1
DA:31,1
DA:32,1
DA:33,1
DA:34,2
DA:36,1
DA:37,1
DA:38,1
DA:39,1
DA:40,1
DA:41,1
DA:43,3
DA:44,1
DA:45,1
DA:47,1
DA:48,2
DA:54,1
DA:55,2
DA:57,1
DA:58,1
DA:60,1
DA:61,1
DA:62,1
DA:63,1
DA:64,1
DA:65,1
DA:68,0
DA:69,0
DA:71,0
DA:84,1
DA:91,1
DA:93,3
DA:94,1
DA:95,1
DA:96,1
DA:97,3
DA:99,1
DA:100,2
DA:101,0
DA:103,1
DA:105,1
DA:106,1
DA:107,1
DA:108,1
DA:110,2
DA:113,1
DA:119,1
DA:121,1
DA:124,1
DA:125,1
DA:126,0
DA:127,0
DA:136,1
DA:140,1
DA:141,1
DA:142,1
DA:144,1
DA:146,1
DA:148,1
DA:149,4
DA:150,1
DA:151,1
DA:152,1
DA:153,2
DA:154,2
DA:157,0
DA:158,0
DA:162,1
DA:164,1
DA:165,3
DA:166,1
DA:170,4
DA:171,4
DA:172,1
DA:173,1
DA:174,1
DA:175,3
DA:177,1
DA:178,1
DA:182,4
DA:185,1
DA:186,2
DA:187,3
DA:188,1
DA:189,2
DA:190,1
DA:195,1
DA:197,1
DA:203,1
DA:204,1
DA:206,1
DA:208,0
DA:209,0
DA:210,0
DA:212,0
DA:213,0
DA:214,0
DA:217,0
DA:220,0
DA:221,0
DA:222,0
DA:223,0
DA:224,0
DA:225,0
DA:226,0
DA:232,2
LF:114
LH:92
end_of_record
SF:lib\presentation\pages\popular_movies_page.dart
DA:7,1
DA:9,1
DA:10,1
DA:14,1
DA:16,1
DA:17,1
DA:18,5
DA:22,1
DA:24,1
DA:25,2
DA:26,1
DA:28,1
DA:29,1
DA:30,1
DA:31,2
DA:32,1
DA:33,1
DA:34,2
DA:35,0
DA:36,0
DA:37,0
DA:40,1
DA:41,1
DA:42,3
DA:45,0
LF:25
LH:21
end_of_record
SF:lib\presentation\pages\top_rated_movies_page.dart
DA:7,1
DA:9,1
DA:10,1
DA:14,1
DA:16,1
DA:17,1
DA:18,5
DA:22,1
DA:24,1
DA:25,2
DA:26,1
DA:28,1
DA:29,1
DA:30,1
DA:31,2
DA:32,1
DA:33,1
DA:34,2
DA:35,0
DA:36,0
DA:37,0
DA:40,1
DA:41,1
DA:42,3
DA:45,0
LF:25
LH:21
end_of_record
