SF:lib\domain\usecases\search_movies.dart
DA:9,1
DA:11,1
DA:12,2
LF:3
LH:3
end_of_record
SF:lib\domain\usecases\search_tvs.dart
DA:9,1
DA:11,1
DA:12,2
LF:3
LH:3
end_of_record
SF:lib\presentation\bloc\search_bloc.dart
DA:12,1
DA:13,2
DA:14,2
DA:15,1
DA:17,2
DA:19,2
DA:20,2
DA:22,1
DA:23,1
DA:24,3
DA:26,1
DA:27,1
DA:28,0
DA:29,3
DA:33,1
DA:36,1
DA:37,3
LF:17
LH:16
end_of_record
SF:lib\presentation\bloc\search_event.dart
DA:4,3
DA:6,0
DA:7,0
DA:13,3
DA:15,1
DA:16,2
LF:6
LH:4
end_of_record
SF:lib\presentation\bloc\search_state.dart
DA:6,2
DA:8,1
DA:9,1
DA:19,2
DA:21,1
DA:22,2
DA:29,2
DA:31,1
DA:32,3
LF:9
LH:9
end_of_record
SF:lib\presentation\pages\search_page.dart
DA:11,1
DA:13,1
DA:15,1
DA:17,1
DA:18,1
DA:19,1
DA:27,1
DA:29,1
DA:31,1
DA:32,1
DA:33,1
DA:34,3
DA:36,1
DA:38,1
DA:39,1
DA:43,1
DA:44,2
DA:46,1
DA:47,1
DA:48,3
DA:58,1
DA:59,1
DA:60,1
DA:61,1
DA:62,2
DA:63,1
DA:64,2
DA:67,1
DA:69,1
DA:70,2
DA:71,1
DA:73,2
DA:75,1
DA:76,3
DA:78,1
DA:84,1
DA:85,1
DA:86,1
DA:87,1
DA:88,0
DA:89,1
DA:90,2
DA:93,1
DA:95,1
DA:96,2
DA:97,1
DA:99,2
DA:101,0
DA:102,0
DA:104,0
LF:50
LH:46
end_of_record
