SF:lib\domain\usecases\get_tv_detail.dart
DA:9,1
DA:11,1
DA:12,2
LF:3
LH:3
end_of_record
SF:lib\domain\usecases\get_tv_recommendations.dart
DA:9,1
DA:11,1
DA:12,2
LF:3
LH:3
end_of_record
SF:lib\domain\usecases\get_tv_watchlist_status.dart
DA:6,1
DA:8,1
DA:9,2
LF:3
LH:3
end_of_record
SF:lib\domain\usecases\remove_tv_watchlist.dart
DA:9,1
DA:11,1
DA:12,2
LF:3
LH:3
end_of_record
SF:lib\domain\usecases\save_tv_watchlist.dart
DA:9,1
DA:11,1
DA:12,2
LF:3
LH:3
end_of_record
SF:lib\presentation\blocs\tv_detail\tv_detail_event.dart
DA:4,3
DA:6,0
DA:7,0
DA:13,2
DA:15,0
DA:16,0
DA:22,2
DA:24,0
DA:25,0
DA:31,1
DA:33,0
DA:34,0
DA:40,1
DA:42,0
DA:43,0
LF:15
LH:5
end_of_record
SF:lib\presentation\blocs\tv_detail\tv_detail_state.dart
DA:4,3
DA:6,1
DA:7,1
DA:17,2
DA:19,1
DA:20,2
DA:29,2
DA:36,2
DA:42,2
DA:43,2
DA:44,2
DA:45,1
DA:46,1
DA:50,2
DA:51,2
DA:52,2
DA:53,2
DA:54,2
DA:55,2
LF:19
LH:19
end_of_record
SF:lib\presentation\blocs\tv_detail\tv_detail_bloc.dart
DA:24,1
DA:30,2
DA:31,2
DA:32,2
DA:33,2
DA:34,2
DA:37,1
DA:41,2
DA:42,3
DA:43,3
DA:44,3
DA:46,1
DA:47,1
DA:48,3
DA:50,1
DA:51,1
DA:52,0
DA:53,1
DA:54,1
DA:55,1
DA:67,1
DA:71,3
DA:74,1
DA:75,2
DA:76,1
DA:79,4
DA:81,2
DA:82,1
DA:83,1
DA:84,1
DA:92,1
DA:96,3
DA:99,1
DA:100,2
DA:101,1
DA:104,4
DA:106,2
DA:107,1
DA:108,1
DA:109,1
DA:117,1
DA:121,3
DA:122,2
DA:123,1
DA:124,2
LF:45
LH:44
end_of_record
SF:lib\presentation\pages\tv_detail_page.dart
DA:13,1
DA:15,1
DA:16,1
DA:20,1
DA:22,1
DA:23,2
DA:24,6
DA:28,1
DA:30,1
DA:31,1
DA:32,1
DA:33,1
DA:34,2
DA:36,1
DA:37,1
DA:38,1
DA:39,1
DA:40,1
DA:41,1
DA:43,3
DA:44,1
DA:45,1
DA:47,1
DA:48,2
DA:54,1
DA:55,2
DA:57,1
DA:58,1
DA:60,1
DA:61,1
DA:62,1
DA:63,1
DA:64,1
DA:65,1
DA:68,0
DA:69,0
DA:71,0
DA:84,1
DA:91,1
DA:93,3
DA:94,1
DA:95,1
DA:96,1
DA:97,3
DA:99,1
DA:100,2
DA:101,0
DA:103,1
DA:105,1
DA:106,1
DA:107,1
DA:108,1
DA:110,2
DA:113,1
DA:119,1
DA:121,1
DA:124,1
DA:125,1
DA:126,0
DA:127,0
DA:136,1
DA:140,1
DA:141,1
DA:142,1
DA:144,1
DA:146,1
DA:148,1
DA:149,4
DA:150,1
DA:151,1
DA:152,1
DA:153,4
DA:155,0
DA:156,0
DA:160,1
DA:162,1
DA:163,3
DA:164,1
DA:168,4
DA:169,4
DA:170,4
DA:171,1
DA:172,1
DA:173,1
DA:174,3
DA:176,1
DA:177,1
DA:180,4
DA:183,1
DA:184,2
DA:185,3
DA:186,1
DA:187,2
DA:188,1
DA:193,1
DA:195,1
DA:201,1
DA:202,1
DA:204,1
DA:206,0
DA:207,0
DA:208,0
DA:210,0
DA:211,0
DA:212,0
DA:215,0
DA:218,0
DA:219,0
DA:220,0
DA:221,0
DA:222,0
DA:223,0
DA:224,0
DA:230,2
LF:114
LH:92
end_of_record
SF:lib\presentation\blocs\airing_today_tvs\airing_today_tvs_event.dart
DA:4,2
DA:6,0
DA:7,0
DA:11,2
DA:13,0
DA:14,0
LF:6
LH:2
end_of_record
SF:lib\presentation\blocs\airing_today_tvs\airing_today_tvs_bloc.dart
DA:13,1
DA:14,2
DA:15,2
DA:16,2
DA:18,2
DA:19,1
DA:20,4
DA:21,3
LF:8
LH:8
end_of_record
SF:lib\presentation\blocs\airing_today_tvs\airing_today_tvs_state.dart
DA:4,3
DA:6,1
DA:7,1
DA:17,3
DA:19,1
DA:20,2
DA:26,2
DA:28,1
DA:29,2
LF:9
LH:9
end_of_record
SF:lib\presentation\blocs\on_the_air_tvs\on_the_air_tvs_state.dart
DA:4,3
DA:6,1
DA:7,1
DA:17,3
DA:19,1
DA:20,2
DA:26,2
DA:28,1
DA:29,2
LF:9
LH:9
end_of_record
SF:lib\presentation\blocs\on_the_air_tvs\on_the_air_tvs_event.dart
DA:4,2
DA:6,0
DA:7,0
DA:11,2
DA:13,0
DA:14,0
LF:6
LH:2
end_of_record
SF:lib\presentation\blocs\on_the_air_tvs\on_the_air_tvs_bloc.dart
DA:12,3
DA:13,2
DA:14,2
DA:16,2
DA:17,1
DA:18,4
DA:19,3
LF:7
LH:7
end_of_record
SF:lib\presentation\blocs\popular_tvs\popular_tvs_event.dart
DA:4,2
DA:6,0
DA:7,0
DA:11,2
DA:13,0
DA:14,0
LF:6
LH:2
end_of_record
SF:lib\presentation\blocs\popular_tvs\popular_tvs_state.dart
DA:4,3
DA:6,1
DA:7,1
DA:17,3
DA:19,1
DA:20,2
DA:26,2
DA:28,1
DA:29,2
LF:9
LH:9
end_of_record
SF:lib\presentation\blocs\popular_tvs\popular_tvs_bloc.dart
DA:12,3
DA:13,2
DA:14,2
DA:16,2
DA:17,1
DA:18,4
DA:19,3
LF:7
LH:7
end_of_record
SF:lib\presentation\blocs\top_rated_tvs\top_rated_tvs_state.dart
DA:4,3
DA:6,1
DA:7,1
DA:17,3
DA:19,1
DA:20,2
DA:26,2
DA:28,1
DA:29,2
LF:9
LH:9
end_of_record
SF:lib\presentation\blocs\top_rated_tvs\top_rated_tvs_bloc.dart
DA:12,3
DA:13,2
DA:14,2
DA:16,2
DA:17,1
DA:18,4
DA:19,3
LF:7
LH:7
end_of_record
SF:lib\presentation\blocs\top_rated_tvs\top_rated_tvs_event.dart
DA:4,2
DA:6,0
DA:7,0
DA:11,2
DA:13,0
DA:14,0
LF:6
LH:2
end_of_record
SF:lib\presentation\pages\airing_today_tvs_page.dart
DA:7,1
DA:9,1
DA:10,1
DA:14,1
DA:16,1
DA:17,1
DA:18,5
DA:22,1
DA:24,1
DA:25,2
DA:26,1
DA:28,1
DA:29,1
DA:30,1
DA:31,2
DA:32,1
DA:33,1
DA:34,2
DA:35,0
DA:36,0
DA:37,0
DA:40,1
DA:41,1
DA:42,3
DA:45,0
LF:25
LH:21
end_of_record
SF:lib\presentation\pages\on_the_air_tvs_page.dart
DA:7,1
DA:9,1
DA:10,1
DA:14,1
DA:16,1
DA:17,1
DA:18,5
DA:22,1
DA:24,1
DA:25,2
DA:26,1
DA:28,1
DA:29,1
DA:30,1
DA:31,2
DA:32,1
DA:33,1
DA:34,2
DA:35,0
DA:36,0
DA:37,0
DA:40,1
DA:41,1
DA:42,3
DA:45,0
LF:25
LH:21
end_of_record
SF:lib\presentation\pages\popular_tvs_page.dart
DA:7,1
DA:9,1
DA:10,1
DA:14,1
DA:16,1
DA:18,1
DA:19,5
DA:23,1
DA:25,1
DA:26,2
DA:27,1
DA:29,1
DA:30,1
DA:31,1
DA:32,2
DA:33,1
DA:34,1
DA:35,2
DA:36,0
DA:37,0
DA:38,0
DA:41,1
DA:42,1
DA:43,3
DA:46,0
LF:25
LH:21
end_of_record
SF:lib\presentation\pages\top_rated_tvs_page.dart
DA:7,1
DA:9,1
DA:10,1
DA:14,1
DA:16,1
DA:18,1
DA:19,5
DA:23,1
DA:25,1
DA:26,2
DA:27,1
DA:29,1
DA:30,1
DA:31,1
DA:32,2
DA:33,1
DA:34,1
DA:35,2
DA:36,0
DA:37,0
DA:38,0
DA:41,1
DA:42,1
DA:43,3
DA:46,0
LF:25
LH:21
end_of_record
